<?xml version="1.0" encoding="UTF-8"?>
<!-- Generated by org.testng.reporters.JUnitXMLReporter -->
<testsuite ignored="0" hostname="LAPTOP-SBQRBI50" failures="2" tests="2" name="validate password" time="11.589" errors="0" timestamp="2022-07-26T23:31:56 IST">
  <testcase classname="testproject.Phoneno" name="pagenavigation" time="6.61">
    <failure type="java.lang.AssertionError" message="expected [Email already registered. Please active your account from mail to continue login.] but found [phone no is invalid]">
      <![CDATA[java.lang.AssertionError: expected [Email already registered. Please active your account from mail to continue login.] but found [phone no is invalid]
at testproject.Phoneno.pagenavigation(Phoneno.java:57)
at java.base/java.util.ArrayList.forEach(ArrayList.java:1511)
... Removed 33 stack frames]]>
    </failure>
  </testcase> <!-- pagenavigation -->
  <testcase classname="testproject.Phoneno" name="pagenavigation" time="6.616">
    <failure type="java.lang.NullPointerException" message="Cannot invoke &amp;quot;org.openqa.selenium.TakesScreenshot.getScreenshotAs(org.openqa.selenium.OutputType)&amp;quot; because &amp;quot;ts&amp;quot; is null">
      <![CDATA[java.lang.NullPointerException: Cannot invoke "org.openqa.selenium.TakesScreenshot.getScreenshotAs(org.openqa.selenium.OutputType)" because "ts" is null
at resources.Base1.getScreenShotPath(Base1.java:56)
at testproject.Listeners.onTestFailure(Listeners.java:49)
at java.base/java.util.ArrayList.forEach(ArrayList.java:1511)
... Removed 24 stack frames]]>
    </failure>
  </testcase> <!-- pagenavigation -->
</testsuite> <!-- validate password -->
